  Building Custom Rule D:/EKA/YOLO COK/darknet-master/CMakeLists.txt
  Compiling CUDA source file src\activation_kernels.cu...
  Compiling CUDA source file src\avgpool_layer_kernels.cu...
  
  D:\EKA\YOLO COK\darknet-master>"C:\Program Files\NVIDIA GPU Computing Toolkit\CUDA\v11.5\bin\nvcc.exe" -gencode=arch=compute_86,code=\"compute_86,compute_86\" -gencode=arch=compute_86,code=\"sm_86,compute_86\" --use-local-env -ccbin "C:\Program Files (x86)\Microsoft Visual Studio\2019\Community\VC\Tools\MSVC\14.29.30133\bin\HostX64\x64" -x cu -rdc=true  -I"D:\EKA\YOLO COK\darknet-master\include" -I"D:\EKA\YOLO COK\darknet-master\src" -I"D:\EKA\YOLO COK\darknet-master\3rdparty\stb\include" -IC:\opencv\build\include -I"C:\Program Files\NVIDIA GPU Computing Toolkit\CUDA\v11.5\include" -I"D:\EKA\YOLO COK\darknet-master\3rdparty\pthreads\include" -I"C:\Program Files\NVIDIA GPU Computing Toolkit\CUDA\v11.5\include"     --keep-dir x64\Release  -maxrregcount=0  --machine 64 --compile -cudart shared -Wno-deprecated-declarations -Xcompiler="/wd4013,/wd4018,/wd4028,/wd4047,/wd4068,/wd4090,/wd4101,/wd4113,/wd4133,/wd4190,/wd4244,/wd4267,/wd4305,/wd4477,/wd4996,/wd4819,/fp:fast,/DGPU,/DCUDNN,/DOPENCV /EHsc -Ob2"   -D_WINDOWS -DNDEBUG -DLIB_EXPORTS=1 -DUSE_CMAKE_LIBS -DCUDNN -DCUDNN_HALF -DOPENCV -D_CRT_RAND_S -DNOMINMAX -D_USE_MATH_DEFINES -D_CRT_SECURE_NO_WARNINGS -DGPU -D_TIMESPEC_DEFINED -D"CMAKE_INTDIR=\"Release\"" -Ddark_EXPORTS -D_WINDLL -D_MBCS -DWIN32 -D_WINDOWS -DNDEBUG -DLIB_EXPORTS=1 -DUSE_CMAKE_LIBS -DCUDNN -DCUDNN_HALF -DOPENCV -D_CRT_RAND_S -DNOMINMAX -D_USE_MATH_DEFINES -D_CRT_SECURE_NO_WARNINGS -DGPU -D_TIMESPEC_DEFINED -D"CMAKE_INTDIR=\"Release\"" -Ddark_EXPORTS -Xcompiler "/EHsc /W1 /nologo /O2 /Fddark.dir\Release\vc142.pdb /FS   /MD /GR" -o dark.dir\Release\activation_kernels.obj "D:\EKA\YOLO COK\darknet-master\src\activation_kernels.cu" 
  
  D:\EKA\YOLO COK\darknet-master>"C:\Program Files\NVIDIA GPU Computing Toolkit\CUDA\v11.5\bin\nvcc.exe" -gencode=arch=compute_86,code=\"compute_86,compute_86\" -gencode=arch=compute_86,code=\"sm_86,compute_86\" --use-local-env -ccbin "C:\Program Files (x86)\Microsoft Visual Studio\2019\Community\VC\Tools\MSVC\14.29.30133\bin\HostX64\x64" -x cu -rdc=true  -I"D:\EKA\YOLO COK\darknet-master\include" -I"D:\EKA\YOLO COK\darknet-master\src" -I"D:\EKA\YOLO COK\darknet-master\3rdparty\stb\include" -IC:\opencv\build\include -I"C:\Program Files\NVIDIA GPU Computing Toolkit\CUDA\v11.5\include" -I"D:\EKA\YOLO COK\darknet-master\3rdparty\pthreads\include" -I"C:\Program Files\NVIDIA GPU Computing Toolkit\CUDA\v11.5\include"     --keep-dir x64\Release  -maxrregcount=0  --machine 64 --compile -cudart shared -Wno-deprecated-declarations -Xcompiler="/wd4013,/wd4018,/wd4028,/wd4047,/wd4068,/wd4090,/wd4101,/wd4113,/wd4133,/wd4190,/wd4244,/wd4267,/wd4305,/wd4477,/wd4996,/wd4819,/fp:fast,/DGPU,/DCUDNN,/DOPENCV /EHsc -Ob2"   -D_WINDOWS -DNDEBUG -DLIB_EXPORTS=1 -DUSE_CMAKE_LIBS -DCUDNN -DCUDNN_HALF -DOPENCV -D_CRT_RAND_S -DNOMINMAX -D_USE_MATH_DEFINES -D_CRT_SECURE_NO_WARNINGS -DGPU -D_TIMESPEC_DEFINED -D"CMAKE_INTDIR=\"Release\"" -Ddark_EXPORTS -D_WINDLL -D_MBCS -DWIN32 -D_WINDOWS -DNDEBUG -DLIB_EXPORTS=1 -DUSE_CMAKE_LIBS -DCUDNN -DCUDNN_HALF -DOPENCV -D_CRT_RAND_S -DNOMINMAX -D_USE_MATH_DEFINES -D_CRT_SECURE_NO_WARNINGS -DGPU -D_TIMESPEC_DEFINED -D"CMAKE_INTDIR=\"Release\"" -Ddark_EXPORTS -Xcompiler "/EHsc /W1 /nologo /O2 /Fddark.dir\Release\vc142.pdb /FS   /MD /GR" -o dark.dir\Release\avgpool_layer_kernels.obj "D:\EKA\YOLO COK\darknet-master\src\avgpool_layer_kernels.cu" 
  Compiling CUDA source file src\crop_layer_kernels.cu...
  Compiling CUDA source file src\convolutional_kernels.cu...
  Compiling CUDA source file src\maxpool_layer_kernels.cu...
  Compiling CUDA source file src\blas_kernels.cu...
  Compiling CUDA source file src\deconvolutional_kernels.cu...
  Compiling CUDA source file src\col2im_kernels.cu...
  Compiling CUDA source file src\dropout_layer_kernels.cu...
  Compiling CUDA source file src\im2col_kernels.cu...
D:\EKA\YOLO COK\darknet-master\src\activation_kernels.cu(263): warning #177-D: variable "MISH_THRESHOLD" was declared but never referenced
  
  Compiling CUDA source file src\network_kernels.cu...
  
  D:\EKA\YOLO COK\darknet-master>"C:\Program Files\NVIDIA GPU Computing Toolkit\CUDA\v11.5\bin\nvcc.exe" -gencode=arch=compute_86,code=\"compute_86,compute_86\" -gencode=arch=compute_86,code=\"sm_86,compute_86\" --use-local-env -ccbin "C:\Program Files (x86)\Microsoft Visual Studio\2019\Community\VC\Tools\MSVC\14.29.30133\bin\HostX64\x64" -x cu -rdc=true  -I"D:\EKA\YOLO COK\darknet-master\include" -I"D:\EKA\YOLO COK\darknet-master\src" -I"D:\EKA\YOLO COK\darknet-master\3rdparty\stb\include" -IC:\opencv\build\include -I"C:\Program Files\NVIDIA GPU Computing Toolkit\CUDA\v11.5\include" -I"D:\EKA\YOLO COK\darknet-master\3rdparty\pthreads\include" -I"C:\Program Files\NVIDIA GPU Computing Toolkit\CUDA\v11.5\include"     --keep-dir x64\Release  -maxrregcount=0  --machine 64 --compile -cudart shared -Wno-deprecated-declarations -Xcompiler="/wd4013,/wd4018,/wd4028,/wd4047,/wd4068,/wd4090,/wd4101,/wd4113,/wd4133,/wd4190,/wd4244,/wd4267,/wd4305,/wd4477,/wd4996,/wd4819,/fp:fast,/DGPU,/DCUDNN,/DOPENCV /EHsc -Ob2"   -D_WINDOWS -DNDEBUG -DLIB_EXPORTS=1 -DUSE_CMAKE_LIBS -DCUDNN -DCUDNN_HALF -DOPENCV -D_CRT_RAND_S -DNOMINMAX -D_USE_MATH_DEFINES -D_CRT_SECURE_NO_WARNINGS -DGPU -D_TIMESPEC_DEFINED -D"CMAKE_INTDIR=\"Release\"" -Ddark_EXPORTS -D_WINDLL -D_MBCS -DWIN32 -D_WINDOWS -DNDEBUG -DLIB_EXPORTS=1 -DUSE_CMAKE_LIBS -DCUDNN -DCUDNN_HALF -DOPENCV -D_CRT_RAND_S -DNOMINMAX -D_USE_MATH_DEFINES -D_CRT_SECURE_NO_WARNINGS -DGPU -D_TIMESPEC_DEFINED -D"CMAKE_INTDIR=\"Release\"" -Ddark_EXPORTS -Xcompiler "/EHsc /W1 /nologo /O2 /Fddark.dir\Release\vc142.pdb /FS   /MD /GR" -o dark.dir\Release\crop_layer_kernels.obj "D:\EKA\YOLO COK\darknet-master\src\crop_layer_kernels.cu" 
  
  D:\EKA\YOLO COK\darknet-master>"C:\Program Files\NVIDIA GPU Computing Toolkit\CUDA\v11.5\bin\nvcc.exe" -gencode=arch=compute_86,code=\"compute_86,compute_86\" -gencode=arch=compute_86,code=\"sm_86,compute_86\" --use-local-env -ccbin "C:\Program Files (x86)\Microsoft Visual Studio\2019\Community\VC\Tools\MSVC\14.29.30133\bin\HostX64\x64" -x cu -rdc=true  -I"D:\EKA\YOLO COK\darknet-master\include" -I"D:\EKA\YOLO COK\darknet-master\src" -I"D:\EKA\YOLO COK\darknet-master\3rdparty\stb\include" -IC:\opencv\build\include -I"C:\Program Files\NVIDIA GPU Computing Toolkit\CUDA\v11.5\include" -I"D:\EKA\YOLO COK\darknet-master\3rdparty\pthreads\include" -I"C:\Program Files\NVIDIA GPU Computing Toolkit\CUDA\v11.5\include"     --keep-dir x64\Release  -maxrregcount=0  --machine 64 --compile -cudart shared -Wno-deprecated-declarations -Xcompiler="/wd4013,/wd4018,/wd4028,/wd4047,/wd4068,/wd4090,/wd4101,/wd4113,/wd4133,/wd4190,/wd4244,/wd4267,/wd4305,/wd4477,/wd4996,/wd4819,/fp:fast,/DGPU,/DCUDNN,/DOPENCV /EHsc -Ob2"   -D_WINDOWS -DNDEBUG -DLIB_EXPORTS=1 -DUSE_CMAKE_LIBS -DCUDNN -DCUDNN_HALF -DOPENCV -D_CRT_RAND_S -DNOMINMAX -D_USE_MATH_DEFINES -D_CRT_SECURE_NO_WARNINGS -DGPU -D_TIMESPEC_DEFINED -D"CMAKE_INTDIR=\"Release\"" -Ddark_EXPORTS -D_WINDLL -D_MBCS -DWIN32 -D_WINDOWS -DNDEBUG -DLIB_EXPORTS=1 -DUSE_CMAKE_LIBS -DCUDNN -DCUDNN_HALF -DOPENCV -D_CRT_RAND_S -DNOMINMAX -D_USE_MATH_DEFINES -D_CRT_SECURE_NO_WARNINGS -DGPU -D_TIMESPEC_DEFINED -D"CMAKE_INTDIR=\"Release\"" -Ddark_EXPORTS -Xcompiler "/EHsc /W1 /nologo /O2 /Fddark.dir\Release\vc142.pdb /FS   /MD /GR" -o dark.dir\Release\im2col_kernels.obj "D:\EKA\YOLO COK\darknet-master\src\im2col_kernels.cu" 
  
  D:\EKA\YOLO COK\darknet-master>"C:\Program Files\NVIDIA GPU Computing Toolkit\CUDA\v11.5\bin\nvcc.exe" -gencode=arch=compute_86,code=\"compute_86,compute_86\" -gencode=arch=compute_86,code=\"sm_86,compute_86\" --use-local-env -ccbin "C:\Program Files (x86)\Microsoft Visual Studio\2019\Community\VC\Tools\MSVC\14.29.30133\bin\HostX64\x64" -x cu -rdc=true  -I"D:\EKA\YOLO COK\darknet-master\include" -I"D:\EKA\YOLO COK\darknet-master\src" -I"D:\EKA\YOLO COK\darknet-master\3rdparty\stb\include" -IC:\opencv\build\include -I"C:\Program Files\NVIDIA GPU Computing Toolkit\CUDA\v11.5\include" -I"D:\EKA\YOLO COK\darknet-master\3rdparty\pthreads\include" -I"C:\Program Files\NVIDIA GPU Computing Toolkit\CUDA\v11.5\include"     --keep-dir x64\Release  -maxrregcount=0  --machine 64 --compile -cudart shared -Wno-deprecated-declarations -Xcompiler="/wd4013,/wd4018,/wd4028,/wd4047,/wd4068,/wd4090,/wd4101,/wd4113,/wd4133,/wd4190,/wd4244,/wd4267,/wd4305,/wd4477,/wd4996,/wd4819,/fp:fast,/DGPU,/DCUDNN,/DOPENCV /EHsc -Ob2"   -D_WINDOWS -DNDEBUG -DLIB_EXPORTS=1 -DUSE_CMAKE_LIBS -DCUDNN -DCUDNN_HALF -DOPENCV -D_CRT_RAND_S -DNOMINMAX -D_USE_MATH_DEFINES -D_CRT_SECURE_NO_WARNINGS -DGPU -D_TIMESPEC_DEFINED -D"CMAKE_INTDIR=\"Release\"" -Ddark_EXPORTS -D_WINDLL -D_MBCS -DWIN32 -D_WINDOWS -DNDEBUG -DLIB_EXPORTS=1 -DUSE_CMAKE_LIBS -DCUDNN -DCUDNN_HALF -DOPENCV -D_CRT_RAND_S -DNOMINMAX -D_USE_MATH_DEFINES -D_CRT_SECURE_NO_WARNINGS -DGPU -D_TIMESPEC_DEFINED -D"CMAKE_INTDIR=\"Release\"" -Ddark_EXPORTS -Xcompiler "/EHsc /W1 /nologo /O2 /Fddark.dir\Release\vc142.pdb /FS   /MD /GR" -o dark.dir\Release\deconvolutional_kernels.obj "D:\EKA\YOLO COK\darknet-master\src\deconvolutional_kernels.cu" 
  
  D:\EKA\YOLO COK\darknet-master>"C:\Program Files\NVIDIA GPU Computing Toolkit\CUDA\v11.5\bin\nvcc.exe" -gencode=arch=compute_86,code=\"compute_86,compute_86\" -gencode=arch=compute_86,code=\"sm_86,compute_86\" --use-local-env -ccbin "C:\Program Files (x86)\Microsoft Visual Studio\2019\Community\VC\Tools\MSVC\14.29.30133\bin\HostX64\x64" -x cu -rdc=true  -I"D:\EKA\YOLO COK\darknet-master\include" -I"D:\EKA\YOLO COK\darknet-master\src" -I"D:\EKA\YOLO COK\darknet-master\3rdparty\stb\include" -IC:\opencv\build\include -I"C:\Program Files\NVIDIA GPU Computing Toolkit\CUDA\v11.5\include" -I"D:\EKA\YOLO COK\darknet-master\3rdparty\pthreads\include" -I"C:\Program Files\NVIDIA GPU Computing Toolkit\CUDA\v11.5\include"     --keep-dir x64\Release  -maxrregcount=0  --machine 64 --compile -cudart shared -Wno-deprecated-declarations -Xcompiler="/wd4013,/wd4018,/wd4028,/wd4047,/wd4068,/wd4090,/wd4101,/wd4113,/wd4133,/wd4190,/wd4244,/wd4267,/wd4305,/wd4477,/wd4996,/wd4819,/fp:fast,/DGPU,/DCUDNN,/DOPENCV /EHsc -Ob2"   -D_WINDOWS -DNDEBUG -DLIB_EXPORTS=1 -DUSE_CMAKE_LIBS -DCUDNN -DCUDNN_HALF -DOPENCV -D_CRT_RAND_S -DNOMINMAX -D_USE_MATH_DEFINES -D_CRT_SECURE_NO_WARNINGS -DGPU -D_TIMESPEC_DEFINED -D"CMAKE_INTDIR=\"Release\"" -Ddark_EXPORTS -D_WINDLL -D_MBCS -DWIN32 -D_WINDOWS -DNDEBUG -DLIB_EXPORTS=1 -DUSE_CMAKE_LIBS -DCUDNN -DCUDNN_HALF -DOPENCV -D_CRT_RAND_S -DNOMINMAX -D_USE_MATH_DEFINES -D_CRT_SECURE_NO_WARNINGS -DGPU -D_TIMESPEC_DEFINED -D"CMAKE_INTDIR=\"Release\"" -Ddark_EXPORTS -Xcompiler "/EHsc /W1 /nologo /O2 /Fddark.dir\Release\vc142.pdb /FS   /MD /GR" -o dark.dir\Release\maxpool_layer_kernels.obj "D:\EKA\YOLO COK\darknet-master\src\maxpool_layer_kernels.cu" 
  
  
  D:\EKA\YOLO COK\darknet-master>"C:\Program Files\NVIDIA GPU Computing Toolkit\CUDA\v11.5\bin\nvcc.exe" -gencode=arch=compute_86,code=\"compute_86,compute_86\" -gencode=arch=compute_86,code=\"sm_86,compute_86\" --use-local-env -ccbin "C:\Program Files (x86)\Microsoft Visual Studio\2019\Community\VC\Tools\MSVC\14.29.30133\bin\HostX64\x64" -x cu -rdc=true  -I"D:\EKA\YOLO COK\darknet-master\include" -I"D:\EKA\YOLO COK\darknet-master\src" -I"D:\EKA\YOLO COK\darknet-master\3rdparty\stb\include" -IC:\opencv\build\include -I"C:\Program Files\NVIDIA GPU Computing Toolkit\CUDA\v11.5\include" -I"D:\EKA\YOLO COK\darknet-master\3rdparty\pthreads\include" -I"C:\Program Files\NVIDIA GPU Computing Toolkit\CUDA\v11.5\include"     --keep-dir x64\Release  -maxrregcount=0  --machine 64 --compile -cudart shared -Wno-deprecated-declarations -Xcompiler="/wd4013,/wd4018,/wd4028,/wd4047,/wd4068,/wd4090,/wd4101,/wd4113,/wd4133,/wd4190,/wd4244,/wd4267,/wd4305,/wd4477,/wd4996,/wd4819,/fp:fast,/DGPU,/DCUDNN,/DOPENCV /EHsc -Ob2"   -D_WINDOWS -DNDEBUG -DLIB_EXPORTS=1 -DUSE_CMAKE_LIBS -DCUDNN -DCUDNN_HALF -DOPENCV -D_CRT_RAND_S -DNOMINMAX -D_USE_MATH_DEFINES -D_CRT_SECURE_NO_WARNINGS -DGPU -D_TIMESPEC_DEFINED -D"CMAKE_INTDIR=\"Release\"" -Ddark_EXPORTS -D_WINDLL -D_MBCS -DWIN32 -D_WINDOWS -DNDEBUG -DLIB_EXPORTS=1 -DUSE_CMAKE_LIBS -DCUDNN -DCUDNN_HALF -DOPENCV -D_CRT_RAND_S -DNOMINMAX -D_USE_MATH_DEFINES -D_CRT_SECURE_NO_WARNINGS -DGPU -D_TIMESPEC_DEFINED -D"CMAKE_INTDIR=\"Release\"" -Ddark_EXPORTS -Xcompiler "/EHsc /W1 /nologo /O2 /Fddark.dir\Release\vc142.pdb /FS   /MD /GR" -o dark.dir\Release\blas_kernels.obj "D:\EKA\YOLO COK\darknet-master\src\blas_kernels.cu" 
  D:\EKA\YOLO COK\darknet-master>"C:\Program Files\NVIDIA GPU Computing Toolkit\CUDA\v11.5\bin\nvcc.exe" -gencode=arch=compute_86,code=\"compute_86,compute_86\" -gencode=arch=compute_86,code=\"sm_86,compute_86\" --use-local-env -ccbin "C:\Program Files (x86)\Microsoft Visual Studio\2019\Community\VC\Tools\MSVC\14.29.30133\bin\HostX64\x64" -x cu -rdc=true  -I"D:\EKA\YOLO COK\darknet-master\include" -I"D:\EKA\YOLO COK\darknet-master\src" -I"D:\EKA\YOLO COK\darknet-master\3rdparty\stb\include" -IC:\opencv\build\include -I"C:\Program Files\NVIDIA GPU Computing Toolkit\CUDA\v11.5\include" -I"D:\EKA\YOLO COK\darknet-master\3rdparty\pthreads\include" -I"C:\Program Files\NVIDIA GPU Computing Toolkit\CUDA\v11.5\include"     --keep-dir x64\Release  -maxrregcount=0  --machine 64 --compile -cudart shared -Wno-deprecated-declarations -Xcompiler="/wd4013,/wd4018,/wd4028,/wd4047,/wd4068,/wd4090,/wd4101,/wd4113,/wd4133,/wd4190,/wd4244,/wd4267,/wd4305,/wd4477,/wd4996,/wd4819,/fp:fast,/DGPU,/DCUDNN,/DOPENCV /EHsc -Ob2"   -D_WINDOWS -DNDEBUG -DLIB_EXPORTS=1 -DUSE_CMAKE_LIBS -DCUDNN -DCUDNN_HALF -DOPENCV -D_CRT_RAND_S -DNOMINMAX -D_USE_MATH_DEFINES -D_CRT_SECURE_NO_WARNINGS -DGPU -D_TIMESPEC_DEFINED -D"CMAKE_INTDIR=\"Release\"" -Ddark_EXPORTS -D_WINDLL -D_MBCS -DWIN32 -D_WINDOWS -DNDEBUG -DLIB_EXPORTS=1 -DUSE_CMAKE_LIBS -DCUDNN -DCUDNN_HALF -DOPENCV -D_CRT_RAND_S -DNOMINMAX -D_USE_MATH_DEFINES -D_CRT_SECURE_NO_WARNINGS -DGPU -D_TIMESPEC_DEFINED -D"CMAKE_INTDIR=\"Release\"" -Ddark_EXPORTS -Xcompiler "/EHsc /W1 /nologo /O2 /Fddark.dir\Release\vc142.pdb /FS   /MD /GR" -o dark.dir\Release\col2im_kernels.obj "D:\EKA\YOLO COK\darknet-master\src\col2im_kernels.cu" 
  
  D:\EKA\YOLO COK\darknet-master>"C:\Program Files\NVIDIA GPU Computing Toolkit\CUDA\v11.5\bin\nvcc.exe" -gencode=arch=compute_86,code=\"compute_86,compute_86\" -gencode=arch=compute_86,code=\"sm_86,compute_86\" --use-local-env -ccbin "C:\Program Files (x86)\Microsoft Visual Studio\2019\Community\VC\Tools\MSVC\14.29.30133\bin\HostX64\x64" -x cu -rdc=true  -I"D:\EKA\YOLO COK\darknet-master\include" -I"D:\EKA\YOLO COK\darknet-master\src" -I"D:\EKA\YOLO COK\darknet-master\3rdparty\stb\include" -IC:\opencv\build\include -I"C:\Program Files\NVIDIA GPU Computing Toolkit\CUDA\v11.5\include" -I"D:\EKA\YOLO COK\darknet-master\3rdparty\pthreads\include" -I"C:\Program Files\NVIDIA GPU Computing Toolkit\CUDA\v11.5\include"     --keep-dir x64\Release  -maxrregcount=0  --machine 64 --compile -cudart shared -Wno-deprecated-declarations -Xcompiler="/wd4013,/wd4018,/wd4028,/wd4047,/wd4068,/wd4090,/wd4101,/wd4113,/wd4133,/wd4190,/wd4244,/wd4267,/wd4305,/wd4477,/wd4996,/wd4819,/fp:fast,/DGPU,/DCUDNN,/DOPENCV /EHsc -Ob2"   -D_WINDOWS -DNDEBUG -DLIB_EXPORTS=1 -DUSE_CMAKE_LIBS -DCUDNN -DCUDNN_HALF -DOPENCV -D_CRT_RAND_S -DNOMINMAX -D_USE_MATH_DEFINES -D_CRT_SECURE_NO_WARNINGS -DGPU -D_TIMESPEC_DEFINED -D"CMAKE_INTDIR=\"Release\"" -Ddark_EXPORTS -D_WINDLL -D_MBCS -DWIN32 -D_WINDOWS -DNDEBUG -DLIB_EXPORTS=1 -DUSE_CMAKE_LIBS -DCUDNN -DCUDNN_HALF -DOPENCV -D_CRT_RAND_S -DNOMINMAX -D_USE_MATH_DEFINES -D_CRT_SECURE_NO_WARNINGS -DGPU -D_TIMESPEC_DEFINED -D"CMAKE_INTDIR=\"Release\"" -Ddark_EXPORTS -Xcompiler "/EHsc /W1 /nologo /O2 /Fddark.dir\Release\vc142.pdb /FS   /MD /GR" -o dark.dir\Release\dropout_layer_kernels.obj "D:\EKA\YOLO COK\darknet-master\src\dropout_layer_kernels.cu" 
  
  D:\EKA\YOLO COK\darknet-master>"C:\Program Files\NVIDIA GPU Computing Toolkit\CUDA\v11.5\bin\nvcc.exe" -gencode=arch=compute_86,code=\"compute_86,compute_86\" -gencode=arch=compute_86,code=\"sm_86,compute_86\" --use-local-env -ccbin "C:\Program Files (x86)\Microsoft Visual Studio\2019\Community\VC\Tools\MSVC\14.29.30133\bin\HostX64\x64" -x cu -rdc=true  -I"D:\EKA\YOLO COK\darknet-master\include" -I"D:\EKA\YOLO COK\darknet-master\src" -I"D:\EKA\YOLO COK\darknet-master\3rdparty\stb\include" -IC:\opencv\build\include -I"C:\Program Files\NVIDIA GPU Computing Toolkit\CUDA\v11.5\include" -I"D:\EKA\YOLO COK\darknet-master\3rdparty\pthreads\include" -I"C:\Program Files\NVIDIA GPU Computing Toolkit\CUDA\v11.5\include"     --keep-dir x64\Release  -maxrregcount=0  --machine 64 --compile -cudart shared -Wno-deprecated-declarations -Xcompiler="/wd4013,/wd4018,/wd4028,/wd4047,/wd4068,/wd4090,/wd4101,/wd4113,/wd4133,/wd4190,/wd4244,/wd4267,/wd4305,/wd4477,/wd4996,/wd4819,/fp:fast,/DGPU,/DCUDNN,/DOPENCV /EHsc -Ob2"   -D_WINDOWS -DNDEBUG -DLIB_EXPORTS=1 -DUSE_CMAKE_LIBS -DCUDNN -DCUDNN_HALF -DOPENCV -D_CRT_RAND_S -DNOMINMAX -D_USE_MATH_DEFINES -D_CRT_SECURE_NO_WARNINGS -DGPU -D_TIMESPEC_DEFINED -D"CMAKE_INTDIR=\"Release\"" -Ddark_EXPORTS -D_WINDLL -D_MBCS -DWIN32 -D_WINDOWS -DNDEBUG -DLIB_EXPORTS=1 -DUSE_CMAKE_LIBS -DCUDNN -DCUDNN_HALF -DOPENCV -D_CRT_RAND_S -DNOMINMAX -D_USE_MATH_DEFINES -D_CRT_SECURE_NO_WARNINGS -DGPU -D_TIMESPEC_DEFINED -D"CMAKE_INTDIR=\"Release\"" -Ddark_EXPORTS -Xcompiler "/EHsc /W1 /nologo /O2 /Fddark.dir\Release\vc142.pdb /FS   /MD /GR" -o dark.dir\Release\convolutional_kernels.obj "D:\EKA\YOLO COK\darknet-master\src\convolutional_kernels.cu" 
  
  D:\EKA\YOLO COK\darknet-master>"C:\Program Files\NVIDIA GPU Computing Toolkit\CUDA\v11.5\bin\nvcc.exe" -gencode=arch=compute_86,code=\"compute_86,compute_86\" -gencode=arch=compute_86,code=\"sm_86,compute_86\" --use-local-env -ccbin "C:\Program Files (x86)\Microsoft Visual Studio\2019\Community\VC\Tools\MSVC\14.29.30133\bin\HostX64\x64" -x cu -rdc=true  -I"D:\EKA\YOLO COK\darknet-master\include" -I"D:\EKA\YOLO COK\darknet-master\src" -I"D:\EKA\YOLO COK\darknet-master\3rdparty\stb\include" -IC:\opencv\build\include -I"C:\Program Files\NVIDIA GPU Computing Toolkit\CUDA\v11.5\include" -I"D:\EKA\YOLO COK\darknet-master\3rdparty\pthreads\include" -I"C:\Program Files\NVIDIA GPU Computing Toolkit\CUDA\v11.5\include"     --keep-dir x64\Release  -maxrregcount=0  --machine 64 --compile -cudart shared -Wno-deprecated-declarations -Xcompiler="/wd4013,/wd4018,/wd4028,/wd4047,/wd4068,/wd4090,/wd4101,/wd4113,/wd4133,/wd4190,/wd4244,/wd4267,/wd4305,/wd4477,/wd4996,/wd4819,/fp:fast,/DGPU,/DCUDNN,/DOPENCV /EHsc -Ob2"   -D_WINDOWS -DNDEBUG -DLIB_EXPORTS=1 -DUSE_CMAKE_LIBS -DCUDNN -DCUDNN_HALF -DOPENCV -D_CRT_RAND_S -DNOMINMAX -D_USE_MATH_DEFINES -D_CRT_SECURE_NO_WARNINGS -DGPU -D_TIMESPEC_DEFINED -D"CMAKE_INTDIR=\"Release\"" -Ddark_EXPORTS -D_WINDLL -D_MBCS -DWIN32 -D_WINDOWS -DNDEBUG -DLIB_EXPORTS=1 -DUSE_CMAKE_LIBS -DCUDNN -DCUDNN_HALF -DOPENCV -D_CRT_RAND_S -DNOMINMAX -D_USE_MATH_DEFINES -D_CRT_SECURE_NO_WARNINGS -DGPU -D_TIMESPEC_DEFINED -D"CMAKE_INTDIR=\"Release\"" -Ddark_EXPORTS -Xcompiler "/EHsc /W1 /nologo /O2 /Fddark.dir\Release\vc142.pdb /FS   /MD /GR" -o dark.dir\Release\network_kernels.obj "D:\EKA\YOLO COK\darknet-master\src\network_kernels.cu" 
D:\EKA\YOLO COK\darknet-master\src\im2col_kernels.cu(1389): warning #20199-D: unrecognized #pragma in device code
  
  avgpool_layer_kernels.cu
D:\EKA\YOLO COK\darknet-master\src\blas_kernels.cu(1086): warning #177-D: variable "out_index" was declared but never referenced
  
D:\EKA\YOLO COK\darknet-master\src\blas_kernels.cu(1130): warning #550-D: variable "step" was set but never used
  
D:\EKA\YOLO COK\darknet-master\src\blas_kernels.cu(1736): warning #177-D: variable "stage_id" was declared but never referenced
  
D:\EKA\YOLO COK\darknet-master\src\network_kernels.cu(379): warning #177-D: variable "l" was declared but never referenced
  
  activation_kernels.cu
  network_kernels.cu
  col2im_kernels.cu
  deconvolutional_kernels.cu
  dropout_layer_kernels.cu
  convolutional_kernels.cu
  crop_layer_kernels.cu
  maxpool_layer_kernels.cu
  blas_kernels.cu
  im2col_kernels.cu
  Microsoft (R) C/C++ Optimizing Compiler Version 19.29.30141 for x64
  Copyright (C) Microsoft Corporation.  All rights reserved.
  cl /c /I"D:\EKA\YOLO COK\darknet-master\include" /I"D:\EKA\YOLO COK\darknet-master\src" /I"D:\EKA\YOLO COK\darknet-master\3rdparty\stb\include" /IC:\opencv\build\include /I"C:\Program Files\NVIDIA GPU Computing Toolkit\CUDA\v11.5\include" /I"D:\EKA\YOLO COK\darknet-master\3rdparty\pthreads\include" /I"C:\Program Files\NVIDIA GPU Computing Toolkit\CUDA\v11.5\include" /W1 /WX- /diagnostics:column /Ox /Ob2 /D _WINDLL /D _MBCS /D WIN32 /D _WINDOWS /D NDEBUG /D LIB_EXPORTS=1 /D USE_CMAKE_LIBS /D CUDNN /D CUDNN_HALF /D OPENCV /D _CRT_RAND_S /D NOMINMAX /D _USE_MATH_DEFINES /D _CRT_SECURE_NO_WARNINGS /D GPU /D _TIMESPEC_DEFINED /D "CMAKE_INTDIR=\"Release\"" /D dark_EXPORTS /Gm- /EHsc /MD /GS /fp:fast /Zc:wchar_t /Zc:forScope /Zc:inline /GR /openmp /Fo"dark.dir\Release\\" /Fd"dark.dir\Release\vc142.pdb" /external:W1 /Gd /TP /wd4013 /wd4018 /wd4028 /wd4047 /wd4068 /wd4090 /wd4101 /wd4113 /wd4133 /wd4190 /wd4244 /wd4267 /wd4305 /wd4477 /wd4996 /wd4819 /errorReport:prompt "D:\EKA\YOLO COK\darknet-master\src\yolo_v2_class.cpp" "D:\EKA\YOLO COK\darknet-master\src\http_stream.cpp" "D:\EKA\YOLO COK\darknet-master\src\image_opencv.cpp"
  yolo_v2_class.cpp
  http_stream.cpp
  image_opencv.cpp
  Generating Code...
  Microsoft (R) C/C++ Optimizing Compiler Version 19.29.30141 for x64
  Copyright (C) Microsoft Corporation.  All rights reserved.
  cl /c /I"D:\EKA\YOLO COK\darknet-master\include" /I"D:\EKA\YOLO COK\darknet-master\src" /I"D:\EKA\YOLO COK\darknet-master\3rdparty\stb\include" /IC:\opencv\build\include /I"C:\Program Files\NVIDIA GPU Computing Toolkit\CUDA\v11.5\include" /I"D:\EKA\YOLO COK\darknet-master\3rdparty\pthreads\include" /I"C:\Program Files\NVIDIA GPU Computing Toolkit\CUDA\v11.5\include" /W1 /WX- /diagnostics:column /Ox /Ob2 /D _WINDLL /D _MBCS /D WIN32 /D _WINDOWS /D NDEBUG /D LIB_EXPORTS=1 /D USE_CMAKE_LIBS /D CUDNN /D CUDNN_HALF /D OPENCV /D _CRT_RAND_S /D NOMINMAX /D _USE_MATH_DEFINES /D _CRT_SECURE_NO_WARNINGS /D GPU /D _TIMESPEC_DEFINED /D "CMAKE_INTDIR=\"Release\"" /D dark_EXPORTS /Gm- /EHsc /MD /GS /fp:fast /Zc:wchar_t /Zc:forScope /Zc:inline /GR /openmp /Fo"dark.dir\Release\\" /Fd"dark.dir\Release\vc142.pdb" /external:W1 /Gd /TC /wd4013 /wd4018 /wd4028 /wd4047 /wd4068 /wd4090 /wd4101 /wd4113 /wd4133 /wd4190 /wd4244 /wd4267 /wd4305 /wd4477 /wd4996 /wd4819 /errorReport:prompt "D:\EKA\YOLO COK\darknet-master\src\activation_layer.c" "D:\EKA\YOLO COK\darknet-master\src\activations.c" "D:\EKA\YOLO COK\darknet-master\src\art.c" "D:\EKA\YOLO COK\darknet-master\src\avgpool_layer.c" "D:\EKA\YOLO COK\darknet-master\src\batchnorm_layer.c" "D:\EKA\YOLO COK\darknet-master\src\blas.c" "D:\EKA\YOLO COK\darknet-master\src\box.c" "D:\EKA\YOLO COK\darknet-master\src\captcha.c" "D:\EKA\YOLO COK\darknet-master\src\cifar.c" "D:\EKA\YOLO COK\darknet-master\src\classifier.c" "D:\EKA\YOLO COK\darknet-master\src\coco.c" "D:\EKA\YOLO COK\darknet-master\src\col2im.c" "D:\EKA\YOLO COK\darknet-master\src\compare.c" "D:\EKA\YOLO COK\darknet-master\src\connected_layer.c" "D:\EKA\YOLO COK\darknet-master\src\conv_lstm_layer.c" "D:\EKA\YOLO COK\darknet-master\src\convolutional_layer.c" "D:\EKA\YOLO COK\darknet-master\src\cost_layer.c" "D:\EKA\YOLO COK\darknet-master\src\cpu_gemm.c" "D:\EKA\YOLO COK\darknet-master\src\crnn_layer.c" "D:\EKA\YOLO COK\darknet-master\src\crop_layer.c" "D:\EKA\YOLO COK\darknet-master\src\dark_cuda.c" "D:\EKA\YOLO COK\darknet-master\src\data.c" "D:\EKA\YOLO COK\darknet-master\src\deconvolutional_layer.c" "D:\EKA\YOLO COK\darknet-master\src\demo.c" "D:\EKA\YOLO COK\darknet-master\src\detection_layer.c" "D:\EKA\YOLO COK\darknet-master\src\detector.c" "D:\EKA\YOLO COK\darknet-master\src\dice.c" "D:\EKA\YOLO COK\darknet-master\src\dropout_layer.c" "D:\EKA\YOLO COK\darknet-master\src\gaussian_yolo_layer.c" "D:\EKA\YOLO COK\darknet-master\src\gemm.c" "D:\EKA\YOLO COK\darknet-master\src\getopt.c" "D:\EKA\YOLO COK\darknet-master\src\gettimeofday.c" "D:\EKA\YOLO COK\darknet-master\src\go.c" "D:\EKA\YOLO COK\darknet-master\src\gru_layer.c" "D:\EKA\YOLO COK\darknet-master\src\im2col.c" "D:\EKA\YOLO COK\darknet-master\src\image.c" "D:\EKA\YOLO COK\darknet-master\src\layer.c" "D:\EKA\YOLO COK\darknet-master\src\list.c" "D:\EKA\YOLO COK\darknet-master\src\local_layer.c" "D:\EKA\YOLO COK\darknet-master\src\lstm_layer.c" "D:\EKA\YOLO COK\darknet-master\src\matrix.c" "D:\EKA\YOLO COK\darknet-master\src\maxpool_layer.c" "D:\EKA\YOLO COK\darknet-master\src\network.c" "D:\EKA\YOLO COK\darknet-master\src\nightmare.c" "D:\EKA\YOLO COK\darknet-master\src\normalization_layer.c" "D:\EKA\YOLO COK\darknet-master\src\option_list.c" "D:\EKA\YOLO COK\darknet-master\src\parser.c" "D:\EKA\YOLO COK\darknet-master\src\region_layer.c" "D:\EKA\YOLO COK\darknet-master\src\reorg_layer.c" "D:\EKA\YOLO COK\darknet-master\src\reorg_old_layer.c" "D:\EKA\YOLO COK\darknet-master\src\representation_layer.c" "D:\EKA\YOLO COK\darknet-master\src\rnn.c" "D:\EKA\YOLO COK\darknet-master\src\rnn_layer.c" "D:\EKA\YOLO COK\darknet-master\src\rnn_vid.c" "D:\EKA\YOLO COK\darknet-master\src\route_layer.c" "D:\EKA\YOLO COK\darknet-master\src\sam_layer.c" "D:\EKA\YOLO COK\darknet-master\src\scale_channels_layer.c" "D:\EKA\YOLO COK\darknet-master\src\shortcut_layer.c" "D:\EKA\YOLO COK\darknet-master\src\softmax_layer.c" "D:\EKA\YOLO COK\darknet-master\src\super.c" "D:\EKA\YOLO COK\darknet-master\src\swag.c" "D:\EKA\YOLO COK\darknet-master\src\tag.c" "D:\EKA\YOLO COK\darknet-master\src\tree.c" "D:\EKA\YOLO COK\darknet-master\src\upsample_layer.c" "D:\EKA\YOLO COK\darknet-master\src\utils.c" "D:\EKA\YOLO COK\darknet-master\src\voxel.c" "D:\EKA\YOLO COK\darknet-master\src\writing.c" "D:\EKA\YOLO COK\darknet-master\src\yolo.c" "D:\EKA\YOLO COK\darknet-master\src\yolo_layer.c"
  activation_layer.c
  activations.c
  art.c
  avgpool_layer.c
  batchnorm_layer.c
  blas.c
  box.c
  captcha.c
  cifar.c
  classifier.c
  coco.c
  col2im.c
  compare.c
  connected_layer.c
  conv_lstm_layer.c
  convolutional_layer.c
  cost_layer.c
  cpu_gemm.c
  crnn_layer.c
  crop_layer.c
  Generating Code...
  Compiling...
  dark_cuda.c
  data.c
  deconvolutional_layer.c
  demo.c
  detection_layer.c
  detector.c
  dice.c
  dropout_layer.c
  gaussian_yolo_layer.c
  gemm.c
  getopt.c
  gettimeofday.c
  go.c
  gru_layer.c
  im2col.c
  image.c
  layer.c
  list.c
  local_layer.c
  lstm_layer.c
  Generating Code...
  Compiling...
  matrix.c
  maxpool_layer.c
  network.c
  nightmare.c
  normalization_layer.c
  option_list.c
  parser.c
  region_layer.c
  reorg_layer.c
  reorg_old_layer.c
  representation_layer.c
  rnn.c
  rnn_layer.c
  rnn_vid.c
  route_layer.c
  sam_layer.c
  scale_channels_layer.c
  shortcut_layer.c
  softmax_layer.c
  super.c
  Generating Code...
  Compiling...
  swag.c
  tag.c
  tree.c
  upsample_layer.c
  utils.c
  voxel.c
  writing.c
  yolo.c
  yolo_layer.c
  Generating Code...
  
  D:\EKA\YOLO COK\darknet-master>"C:\Program Files\NVIDIA GPU Computing Toolkit\CUDA\v11.5\bin\nvcc.exe" -dlink -o dark.dir\Release\darknet.device-link.obj -Xcompiler "/EHsc /W1 /nologo /O2 /Fddark.dir\Release\vc142.pdb   /MD /GR" -L"C:\Program Files\NVIDIA GPU Computing Toolkit\CUDA\v11.5\bin/crt" -L"C:\Program Files\NVIDIA GPU Computing Toolkit\CUDA\v11.5\lib\x64" "C:\Program Files\NVIDIA GPU Computing Toolkit\CUDA\v11.5\lib\x64\cudnn.lib" C:\opencv\build\x64\vc15\lib\opencv_world455.lib 3rdparty\pthreads\lib\pthreadVC2.lib wsock32.lib ws2_32.lib curand.lib cublas.lib cuda.lib cudadevrt.lib cudart.lib kernel32.lib user32.lib gdi32.lib winspool.lib shell32.lib ole32.lib oleaut32.lib uuid.lib comdlg32.lib advapi32.lib -forward-unknown-to-host-compiler -Wno-deprecated-gpu-targets  -gencode=arch=compute_86,code=compute_86 -gencode=arch=compute_86,code=sm_86  --machine 64 dark.dir\Release\activation_kernels.obj dark.dir\Release\avgpool_layer_kernels.obj dark.dir\Release\blas_kernels.obj dark.dir\Release\col2im_kernels.obj dark.dir\Release\convolutional_kernels.obj dark.dir\Release\crop_layer_kernels.obj dark.dir\Release\deconvolutional_kernels.obj dark.dir\Release\dropout_layer_kernels.obj dark.dir\Release\im2col_kernels.obj dark.dir\Release\maxpool_layer_kernels.obj dark.dir\Release\network_kernels.obj 
  cudnn.lib
  opencv_world455.lib
  pthreadVC2.lib
  wsock32.lib
  ws2_32.lib
  curand.lib
  cublas.lib
  cuda.lib
  cudadevrt.lib
  cudart.lib
  kernel32.lib
  user32.lib
  gdi32.lib
  winspool.lib
  shell32.lib
  ole32.lib
  oleaut32.lib
  uuid.lib
  comdlg32.lib
  advapi32.lib
  activation_kernels.obj
  avgpool_layer_kernels.obj
  blas_kernels.obj
  col2im_kernels.obj
  convolutional_kernels.obj
  crop_layer_kernels.obj
  deconvolutional_kernels.obj
  dropout_layer_kernels.obj
  im2col_kernels.obj
  maxpool_layer_kernels.obj
  network_kernels.obj
     Creating library D:/EKA/YOLO COK/darknet-master/Release/darknet.lib and object D:/EKA/YOLO COK/darknet-master/Release/darknet.exp
  dark.vcxproj -> D:\EKA\YOLO COK\darknet-master\Release\darknet.dll
